Standard Commons Logging discovery in action with spring-jcl: please remove commons-logging.jar from classpath in order to avoid potential conflicts

  .   ____          _            __ _ _
 /\\ / ___'_ __ _ _(_)_ __  __ _ \ \ \ \
( ( )\___ | '_ | '_| | '_ \/ _` | \ \ \ \
 \\/  ___)| |_)| | | | | || (_| |  ) ) ) )
  '  |____| .__|_| |_|_| |_\__, | / / / /
 =========|_|==============|___/=/_/_/_/
 :: Spring Boot ::                (v3.2.3)

2026-05-16T18:26:18.605+05:30  INFO 13804 --- [careconnect-service] [           main] com.careconnect.CareConnectApplication   : Starting CareConnectApplication v1.0.0 using Java 23.0.2 with PID 13804 (C:\Users\prakhar\Music\Angular\CareConnect\careConnect-backend\target\careconnect-backend-1.0.0.jar started by prakhar in C:\Users\prakhar\Music\Angular\CareConnect\careConnect-backend)
2026-05-16T18:26:18.609+05:30 DEBUG 13804 --- [careconnect-service] [           main] com.careconnect.CareConnectApplication   : Running with Spring Boot v3.2.3, Spring v6.1.4
2026-05-16T18:26:18.610+05:30  INFO 13804 --- [careconnect-service] [           main] com.careconnect.CareConnectApplication   : No active profile set, falling back to 1 default profile: "default"
2026-05-16T18:26:21.704+05:30  INFO 13804 --- [careconnect-service] [           main] .s.d.r.c.RepositoryConfigurationDelegate : Bootstrapping Spring Data JPA repositories in DEFAULT mode.
2026-05-16T18:26:22.139+05:30  INFO 13804 --- [careconnect-service] [           main] .s.d.r.c.RepositoryConfigurationDelegate : Finished Spring Data repository scanning in 399 ms. Found 17 JPA repository interfaces.
2026-05-16T18:26:22.910+05:30  INFO 13804 --- [careconnect-service] [           main] o.s.cloud.context.scope.GenericScope     : BeanFactory id=f30afca3-2e8b-3180-a152-da6f430ae021
2026-05-16T18:26:23.859+05:30  WARN 13804 --- [careconnect-service] [           main] trationDelegate$BeanPostProcessorChecker : Bean 'org.springframework.cloud.client.loadbalancer.LoadBalancerAutoConfiguration$DeferringLoadBalancerInterceptorConfig' of type [org.springframework.cloud.client.loadbalancer.LoadBalancerAutoConfiguration$DeferringLoadBalancerInterceptorConfig] is not eligible for getting processed by all BeanPostProcessors (for example: not eligible for auto-proxying). The currently created BeanPostProcessor [lbRestClientPostProcessor] is declared through a non-static factory method on that class; consider declaring it as static instead.
2026-05-16T18:26:23.886+05:30  WARN 13804 --- [careconnect-service] [           main] trationDelegate$BeanPostProcessorChecker : Bean 'deferringLoadBalancerInterceptor' of type [org.springframework.cloud.client.loadbalancer.DeferringLoadBalancerInterceptor] is not eligible for getting processed by all BeanPostProcessors (for example: not eligible for auto-proxying). Is this bean getting eagerly injected into a currently created BeanPostProcessor [lbRestClientPostProcessor]? Check the corresponding BeanPostProcessor declaration and its dependencies.
2026-05-16T18:26:24.619+05:30  INFO 13804 --- [careconnect-service] [           main] o.s.b.w.embedded.tomcat.TomcatWebServer  : Tomcat initialized with port 8080 (http)
2026-05-16T18:26:24.652+05:30  INFO 13804 --- [careconnect-service] [           main] o.apache.catalina.core.StandardService   : Starting service [Tomcat]
2026-05-16T18:26:24.653+05:30  INFO 13804 --- [careconnect-service] [           main] o.apache.catalina.core.StandardEngine    : Starting Servlet engine: [Apache Tomcat/10.1.19]
2026-05-16T18:26:24.740+05:30  INFO 13804 --- [careconnect-service] [           main] o.a.c.c.C.[Tomcat].[localhost].[/]       : Initializing Spring embedded WebApplicationContext
2026-05-16T18:26:24.743+05:30  INFO 13804 --- [careconnect-service] [           main] w.s.c.ServletWebServerApplicationContext : Root WebApplicationContext: initialization completed in 5920 ms
Standard Commons Logging discovery in action with spring-jcl: please remove commons-logging.jar from classpath in order to avoid potential conflicts
2026-05-16T18:26:25.606+05:30  INFO 13804 --- [careconnect-service] [           main] o.hibernate.jpa.internal.util.LogHelper  : HHH000204: Processing PersistenceUnitInfo [name: default]
2026-05-16T18:26:25.772+05:30  INFO 13804 --- [careconnect-service] [           main] org.hibernate.Version                    : HHH000412: Hibernate ORM core version 6.4.4.Final
2026-05-16T18:26:25.875+05:30  INFO 13804 --- [careconnect-service] [           main] o.h.c.internal.RegionFactoryInitiator    : HHH000026: Second-level cache disabled
2026-05-16T18:26:26.392+05:30  INFO 13804 --- [careconnect-service] [           main] o.s.o.j.p.SpringPersistenceUnitInfo      : No LoadTimeWeaver setup: ignoring JPA class transformer
2026-05-16T18:26:26.455+05:30  INFO 13804 --- [careconnect-service] [           main] com.zaxxer.hikari.HikariDataSource       : HikariPool-1 - Starting...
2026-05-16T18:26:26.757+05:30  INFO 13804 --- [careconnect-service] [           main] com.zaxxer.hikari.pool.HikariPool        : HikariPool-1 - Added connection com.mysql.cj.jdbc.ConnectionImpl@c14bbab
2026-05-16T18:26:26.775+05:30  INFO 13804 --- [careconnect-service] [           main] com.zaxxer.hikari.HikariDataSource       : HikariPool-1 - Start completed.
2026-05-16T18:26:26.864+05:30  WARN 13804 --- [careconnect-service] [           main] org.hibernate.orm.deprecation            : HHH90000025: MySQLDialect does not need to be specified explicitly using 'hibernate.dialect' (remove the property setting and it will be selected by default)
2026-05-16T18:26:29.171+05:30  INFO 13804 --- [careconnect-service] [           main] o.h.e.t.j.p.i.JtaPlatformInitiator       : HHH000489: No JTA platform available (set 'hibernate.transaction.jta.platform' to enable JTA platform integration)
2026-05-16T18:26:29.287+05:30 DEBUG 13804 --- [careconnect-service] [           main] org.hibernate.SQL                        : 
    alter table payments 
       add column reference_number varchar(255)
Hibernate: 
    alter table payments 
       add column reference_number varchar(255)
2026-05-16T18:26:29.344+05:30 DEBUG 13804 --- [careconnect-service] [           main] org.hibernate.SQL                        : 
    alter table payments 
       drop index UK_ai2vas2l0opim4v3xqmdrpjyv
Hibernate: 
    alter table payments 
       drop index UK_ai2vas2l0opim4v3xqmdrpjyv
2026-05-16T18:26:29.402+05:30 DEBUG 13804 --- [careconnect-service] [           main] org.hibernate.SQL                        : 
    alter table payments 
       add constraint UK_ai2vas2l0opim4v3xqmdrpjyv unique (reference_number)
Hibernate: 
    alter table payments 
       add constraint UK_ai2vas2l0opim4v3xqmdrpjyv unique (reference_number)
2026-05-16T18:26:29.688+05:30  INFO 13804 --- [careconnect-service] [           main] j.LocalContainerEntityManagerFactoryBean : Initialized JPA EntityManagerFactory for persistence unit 'default'
2026-05-16T18:26:30.582+05:30  INFO 13804 --- [careconnect-service] [           main] o.s.d.j.r.query.QueryEnhancerFactory     : Hibernate is in classpath; If applicable, HQL parser will be used.
2026-05-16T18:26:34.100+05:30  WARN 13804 --- [careconnect-service] [           main] .s.s.UserDetailsServiceAutoConfiguration : 

Using generated security password: bfc734d5-d01c-46d9-9453-6b5834fedbd3

This generated password is for development use only. Your security configuration must be updated before running your application in production.

2026-05-16T18:26:35.475+05:30  INFO 13804 --- [careconnect-service] [           main] o.s.b.a.e.web.EndpointLinksResolver      : Exposing 4 endpoint(s) beneath base path '/actuator'
2026-05-16T18:26:35.613+05:30  INFO 13804 --- [careconnect-service] [           main] o.s.s.web.DefaultSecurityFilterChain     : Will secure any request with [org.springframework.security.web.session.DisableEncodeUrlFilter@1ee11117, org.springframework.security.web.context.request.async.WebAsyncManagerIntegrationFilter@3620d182, org.springframework.security.web.context.SecurityContextHolderFilter@70c81870, org.springframework.security.web.header.HeaderWriterFilter@54d6130, org.springframework.web.filter.CorsFilter@65d7fbc3, org.springframework.security.web.authentication.logout.LogoutFilter@1568dcd8, org.springframework.security.web.savedrequest.RequestCacheAwareFilter@241c6c56, org.springframework.security.web.servletapi.SecurityContextHolderAwareRequestFilter@ad194d1, org.springframework.security.web.authentication.AnonymousAuthenticationFilter@47f309d8, org.springframework.security.web.access.ExceptionTranslationFilter@404479f1, org.springframework.security.web.access.intercept.AuthorizationFilter@2020083c]
2026-05-16T18:26:37.457+05:30  WARN 13804 --- [careconnect-service] [           main] iguration$LoadBalancerCaffeineWarnLogger : Spring Cloud LoadBalancer is currently working with the default cache. While this cache implementation is useful for development and tests, it's recommended to use Caffeine cache in production.You can switch to using Caffeine cache, by adding it and org.springframework.cache.caffeine.CaffeineCacheManager to the classpath.
2026-05-16T18:26:37.629+05:30  INFO 13804 --- [careconnect-service] [           main] o.s.b.w.embedded.tomcat.TomcatWebServer  : Tomcat started on port 8080 (http) with context path ''
2026-05-16T18:26:37.710+05:30  INFO 13804 --- [careconnect-service] [           main] com.careconnect.CareConnectApplication   : Started CareConnectApplication in 20.143 seconds (process running for 21.415)
2026-05-16T18:26:37.756+05:30 DEBUG 13804 --- [careconnect-service] [   scheduling-1] com.careconnect.aspect.LoggingAspect     : Entering: com.careconnect.service.AppointmentService.triggerReconciliation()
2026-05-16T18:26:37.980+05:30 DEBUG 13804 --- [careconnect-service] [   scheduling-1] org.hibernate.SQL                        : 
    select
        a1_0.id,
        a1_0.agreed_rate_per_shift,
        a1_0.application_deadline,
        a1_0.appointment_date,
        a1_0.booking_for,
        a1_0.care_needs,
        a1_0.created_at,
        a1_0.diet_requirements,
        a1_0.duration,
        a1_0.end_date,
        a1_0.expected_shifts,
        a1_0.gender_preference,
        a1_0.language_preference,
        a1_0.medical_condition,
        a1_0.mobility_level,
        a1_0.notes,
        a1_0.nurse_id,
        a1_0.nurse_reconciliation_at,
        a1_0.patient_id,
        a1_0.patient_address_line1,
        a1_0.patient_address_line2,
        a1_0.patient_city,
        a1_0.patient_email,
        a1_0.patient_first_name,
        a1_0.patient_landmark,
        a1_0.patient_last_name,
        a1_0.patient_middle_name,
        a1_0.patient_phone,
        a1_0.patient_phone_country_code,
        a1_0.patient_pincode,
        a1_0.patient_reconciliation_at,
        a1_0.patient_state,
        a1_0.priority,
        a1_0.reconciliation_status,
        a1_0.required_skills,
        a1_0.schedule_days,
        a1_0.schedule_type,
        a1_0.specialization,
        a1_0.status 
    from
        appointments a1_0 
    where
        a1_0.end_date is not null 
        and a1_0.end_date<=? 
        and a1_0.status in ('CONFIRMED', 'IN_PROGRESS') 
        and a1_0.reconciliation_status is null 
        and a1_0.nurse_id is not null
Hibernate: 
    select
        a1_0.id,
        a1_0.agreed_rate_per_shift,
        a1_0.application_deadline,
        a1_0.appointment_date,
        a1_0.booking_for,
        a1_0.care_needs,
        a1_0.created_at,
        a1_0.diet_requirements,
        a1_0.duration,
        a1_0.end_date,
        a1_0.expected_shifts,
        a1_0.gender_preference,
        a1_0.language_preference,
        a1_0.medical_condition,
        a1_0.mobility_level,
        a1_0.notes,
        a1_0.nurse_id,
        a1_0.nurse_reconciliation_at,
        a1_0.patient_id,
        a1_0.patient_address_line1,
        a1_0.patient_address_line2,
        a1_0.patient_city,
        a1_0.patient_email,
        a1_0.patient_first_name,
        a1_0.patient_landmark,
        a1_0.patient_last_name,
        a1_0.patient_middle_name,
        a1_0.patient_phone,
        a1_0.patient_phone_country_code,
        a1_0.patient_pincode,
        a1_0.patient_reconciliation_at,
        a1_0.patient_state,
        a1_0.priority,
        a1_0.reconciliation_status,
        a1_0.required_skills,
        a1_0.schedule_days,
        a1_0.schedule_type,
        a1_0.specialization,
        a1_0.status 
    from
        appointments a1_0 
    where
        a1_0.end_date is not null 
        and a1_0.end_date<=? 
        and a1_0.status in ('CONFIRMED', 'IN_PROGRESS') 
        and a1_0.reconciliation_status is null 
        and a1_0.nurse_id is not null
2026-05-16T18:26:38.008+05:30 DEBUG 13804 --- [careconnect-service] [   scheduling-1] com.careconnect.aspect.LoggingAspect     : Exiting: com.careconnect.service.AppointmentService.triggerReconciliation() — returned: void
2026-05-16T18:26:38.011+05:30 DEBUG 13804 --- [careconnect-service] [   scheduling-1] com.careconnect.aspect.LoggingAspect     : Service com.careconnect.service.AppointmentService.triggerReconciliation() executed in 258ms
2026-05-16T18:26:38.018+05:30 DEBUG 13804 --- [careconnect-service] [   scheduling-1] com.careconnect.aspect.LoggingAspect     : Entering: com.careconnect.service.JobService.closeExpiredJobs()
2026-05-16T18:26:38.027+05:30 DEBUG 13804 --- [careconnect-service] [   scheduling-1] org.hibernate.SQL                        : 
    select
        j1_0.id,
        j1_0.benefits,
        j1_0.created_at,
        j1_0.deadline,
        j1_0.department,
        j1_0.description,
        j1_0.emergency_contact,
        j1_0.is_emergency,
        j1_0.job_title,
        j1_0.job_type,
        j1_0.location,
        j1_0.openings,
        j1_0.organization_id,
        j1_0.patient_acuity,
        j1_0.patient_population,
        j1_0.priority,
        j1_0.salary_max,
        j1_0.salary_min,
        j1_0.shift_details,
        j1_0.specialization,
        j1_0.status,
        j1_0.working_conditions 
    from
        jobs j1_0 
    where
        j1_0.status='ACTIVE' 
        and j1_0.deadline is not null 
        and j1_0.deadline<=current_timestamp(6)
Hibernate: 
    select
        j1_0.id,
        j1_0.benefits,
        j1_0.created_at,
        j1_0.deadline,
        j1_0.department,
        j1_0.description,
        j1_0.emergency_contact,
        j1_0.is_emergency,
        j1_0.job_title,
        j1_0.job_type,
        j1_0.location,
        j1_0.openings,
        j1_0.organization_id,
        j1_0.patient_acuity,
        j1_0.patient_population,
        j1_0.priority,
        j1_0.salary_max,
        j1_0.salary_min,
        j1_0.shift_details,
        j1_0.specialization,
        j1_0.status,
        j1_0.working_conditions 
    from
        jobs j1_0 
    where
        j1_0.status='ACTIVE' 
        and j1_0.deadline is not null 
        and j1_0.deadline<=current_timestamp(6)
2026-05-16T18:26:38.030+05:30 DEBUG 13804 --- [careconnect-service] [   scheduling-1] com.careconnect.aspect.LoggingAspect     : Exiting: com.careconnect.service.JobService.closeExpiredJobs() — returned: void
2026-05-16T18:26:38.031+05:30 DEBUG 13804 --- [careconnect-service] [   scheduling-1] com.careconnect.aspect.LoggingAspect     : Service com.careconnect.service.JobService.closeExpiredJobs() executed in 13ms
2026-05-16T18:26:41.253+05:30  INFO 13804 --- [careconnect-service] [nio-8080-exec-1] o.a.c.c.C.[Tomcat].[localhost].[/]       : Initializing Spring DispatcherServlet 'dispatcherServlet'
2026-05-16T18:26:41.267+05:30  INFO 13804 --- [careconnect-service] [nio-8080-exec-1] o.s.web.servlet.DispatcherServlet        : Initializing Servlet 'dispatcherServlet'
2026-05-16T18:26:41.271+05:30  INFO 13804 --- [careconnect-service] [nio-8080-exec-1] o.s.web.servlet.DispatcherServlet        : Completed initialization in 3 ms
2026-05-16T18:26:41.382+05:30 DEBUG 13804 --- [careconnect-service] [nio-8080-exec-1] com.careconnect.aspect.LoggingAspect     : Entering: com.careconnect.controller.MessageController.unreadSenders()
2026-05-16T18:26:41.400+05:30 DEBUG 13804 --- [careconnect-service] [nio-8080-exec-1] com.careconnect.aspect.LoggingAspect     : Entering: com.careconnect.service.MessageService.getUnreadSenders()
2026-05-16T18:26:41.404+05:30 DEBUG 13804 --- [careconnect-service] [nio-8080-exec-1] org.hibernate.SQL                        : 
    select
        distinct m1_0.sender_id 
    from
        messages m1_0 
    where
        m1_0.receiver_id=? 
        and m1_0.is_read=0
Hibernate: 
    select
        distinct m1_0.sender_id 
    from
        messages m1_0 
    where
        m1_0.receiver_id=? 
        and m1_0.is_read=0
2026-05-16T18:26:41.409+05:30 DEBUG 13804 --- [careconnect-service] [nio-8080-exec-1] com.careconnect.aspect.LoggingAspect     : Exiting: com.careconnect.service.MessageService.getUnreadSenders() — returned: ArrayList
2026-05-16T18:26:41.409+05:30 DEBUG 13804 --- [careconnect-service] [nio-8080-exec-1] com.careconnect.aspect.LoggingAspect     : Service com.careconnect.service.MessageService.getUnreadSenders() executed in 9ms
2026-05-16T18:26:41.415+05:30 DEBUG 13804 --- [careconnect-service] [nio-8080-exec-1] com.careconnect.aspect.LoggingAspect     : Exiting: com.careconnect.controller.MessageController.unreadSenders() — returned: ResponseEntity
